Script started
数据插入成功
旧的data.json文件已删除
旧的respon.json文件已删除
执行命令: C:/Users/ZJ/AppData/Local/Programs/Python/Python311/python.exe C:/xampp/htdocs/Market_risk_assessment_system/DarkJoe/pyy/main.py 2>&1
命令输出: ((136, '27365925', 'ICުѥq'),)
27365925
Τ@sG27365925
qpG֭]
qW١GICުѥq
ꥻ`B()G3000000000
ꦬꥻB():2403403860
NHmWG
qҦbaGO_Ϭwl964
Ƥw\JƮwAì web_input K[FޡC
((136, '27365925', 'ICުѥq'),)
27365925
䤣ŦXjM󪺵BT
BusinessAccountingNO: 27365925
dLŦXץ!!
An error occurred: 'cp950' codec can't encode character '\u5bd7' in position 495: illegal multibyte sequence

Python脚本输出已写入日志文件
新的JSON文件已生成
Script started
数据插入成功
旧的data.json文件已删除
旧的respon.json文件已删除
执行命令: C:/Users/ZJ/AppData/Local/Programs/Python/Python311/python.exe C:/xampp/htdocs/Market_risk_assessment_system/DarkJoe/pyy/main.py 2>&1
命令输出: ((137, '27365925', 'ICުѥq'),)
27365925
Τ@sG27365925
qpG֭]
qW١GICުѥq
ꥻ`B()G3000000000
ꦬꥻB():2403403860
NHmWG
qҦbaGO_Ϭwl964
Ƥw\JƮwAì web_input K[FޡC
((137, '27365925', 'ICުѥq'),)
27365925
䤣ŦXjM󪺵BT
BusinessAccountingNO: 27365925
dLŦXץ!!
An error occurred: 'cp950' codec can't encode character '\u5bd7' in position 495: illegal multibyte sequence

Python脚本输出已写入日志文件
新的JSON文件已生成
Script started
数据插入成功
旧的data.json文件已删除
旧的respon.json文件已删除
执行命令: C:/Users/ZJ/AppData/Local/Programs/Python/Python311/python.exe C:/xampp/htdocs/Market_risk_assessment_system/DarkJoe/pyy/main.py 2>&1
命令输出: ((138, '27365925', 'ICުѥq'),)
27365925
Τ@sG27365925
qpG֭]
qW١GICުѥq
ꥻ`B()G3000000000
ꦬꥻB():2403403860
NHmWG
qҦbaGO_Ϭwl964
Ƥw\JƮwAì web_input K[FޡC
((138, '27365925', 'ICުѥq'),)
27365925
䤣ŦXjM󪺵BT
BusinessAccountingNO: 27365925
dLŦXץ!!
An error occurred: 'cp950' codec can't encode character '\u5bd7' in position 500: illegal multibyte sequence

Python脚本输出已写入日志文件
新的JSON文件已生成
Script started
数据插入成功
旧的data.json文件已删除
旧的respon.json文件已删除
执行命令: C:/Users/ZJ/AppData/Local/Programs/Python/Python311/python.exe C:/xampp/htdocs/Market_risk_assessment_system/DarkJoe/pyy/main.py 2>&1
命令输出: ((139, '27365925', 'ICުѥq'),)
27365925
Τ@sG27365925
qpG֭]
qW١GICުѥq
ꥻ`B()G3000000000
ꦬꥻB():2403403860
NHmWG
qҦbaGO_Ϭwl964
Ƥw\JƮwAì web_input K[FޡC
((139, '27365925', 'ICުѥq'),)
27365925
䤣ŦXjM󪺵BT
BusinessAccountingNO: 27365925
dLŦXץ!!
An error occurred: 'cp950' codec can't encode character '\u5bd7' in position 500: illegal multibyte sequence

Python脚本输出已写入日志文件
新的JSON文件已生成
Script started
数据插入成功
旧的data.json文件已删除
旧的respon.json文件已删除
执行命令: C:/Users/ZJ/AppData/Local/Programs/Python/Python311/python.exe C:/xampp/htdocs/Market_risk_assessment_system/DarkJoe/pyy/main.py 2>&1
命令输出: ((140, '27365925', 'ICުѥq'),)
27365925
Τ@sG27365925
qpG֭]
qW١GICުѥq
ꥻ`B()G3000000000
ꦬꥻB():2403403860
NHmWG
qҦbaGO_Ϭwl964
Ƥw\JƮwAì web_input K[FޡC
((140, '27365925', 'ICުѥq'),)
27365925
䤣ŦXjM󪺵BT
BusinessAccountingNO: 27365925
dLŦXץ!!
An error occurred: 'cp950' codec can't encode character '\u5bd7' in position 500: illegal multibyte sequence

Python脚本输出已写入日志文件
新的JSON文件已生成
